<?xml version="1.0" encoding="UTF-8"?><testsuite errors="0" failures="1" name="tests.ListTest" skipped="0" tests="7" time="12.71" timestamp="2020-08-243 12:21:11"><testcase classname="tests.ListTest" name="Test remove movie"/><testcase classname="tests.ListTest" name="Test clear list"/><testcase classname="tests.ListTest" name="Test add movie"/><testcase classname="tests.ListTest" name="Test get details of a list"/><testcase classname="tests.ListTest" name="Test create list"/><testcase classname="tests.ListTest" name="Test delete list"><failure message="expected:&lt;200&gt; but was:&lt;500&gt;" type="java.lang.AssertionError">expected:&lt;200&gt; but was:&lt;500&gt;</failure><system-err>expected:&lt;200&gt; but was:&lt;500&gt;&#13;
tests.ListTest.testDeleteList(ListTest.java:74)&#13;
</system-err></testcase><testcase classname="tests.ListTest" name="Check movie in a list"/></testsuite>