<?xml version="1.0" encoding="UTF-8"?><testsuite errors="0" failures="0" name="tests.AuthenticationTest" skipped="0" tests="5" time="6.14" timestamp="2020-08-243 12:21:02"><testcase classname="tests.AuthenticationTest" name="Test get request token"/><testcase classname="tests.AuthenticationTest" name="Test delete session"/><testcase classname="tests.AuthenticationTest" name="Test create guest session"/><testcase classname="tests.AuthenticationTest" name="Test create session with login"/><testcase classname="tests.AuthenticationTest" name="Test create session"/></testsuite>